c:\users\danny\documents\weatherman\weathermen\debug\vc120.pdb
c:\users\danny\documents\weatherman\weathermen\debug\vc120.idb
c:\users\danny\documents\weatherman\weathermen\debug\xmlreader.sbr
c:\users\danny\documents\weatherman\weathermen\debug\main.sbr
c:\users\danny\documents\weatherman\weathermen\debug\itemcontainer.sbr
c:\users\danny\documents\weatherman\weathermen\debug\glutclass.sbr
c:\users\danny\documents\weatherman\weathermen\debug\gamemap.sbr
c:\users\danny\documents\weatherman\weathermen\debug\coordinate.sbr
c:\users\danny\documents\weatherman\weathermen\debug\material.sbr
c:\users\danny\documents\weatherman\weathermen\debug\weapon.sbr
c:\users\danny\documents\weatherman\weathermen\debug\item.sbr
c:\users\danny\documents\weatherman\weathermen\debug\equiptable.sbr
c:\users\danny\documents\weatherman\weathermen\debug\armor.sbr
c:\users\danny\documents\weatherman\weathermen\debug\entity.sbr
c:\users\danny\documents\weatherman\weathermen\debug\ai.sbr
c:\users\danny\documents\weatherman\weathermen\debug\actor.sbr
c:\users\danny\documents\weatherman\weathermen\debug\pickup.sbr
c:\users\danny\documents\weatherman\weathermen\debug\move.sbr
c:\users\danny\documents\weatherman\weathermen\debug\meleeattack.sbr
c:\users\danny\documents\weatherman\weathermen\debug\attack.sbr
c:\users\danny\documents\weatherman\weathermen\debug\action.sbr
c:\users\danny\documents\weatherman\weathermen\debug\action.obj
c:\users\danny\documents\weatherman\weathermen\debug\attack.obj
c:\users\danny\documents\weatherman\weathermen\debug\meleeattack.obj
c:\users\danny\documents\weatherman\weathermen\debug\move.obj
c:\users\danny\documents\weatherman\weathermen\debug\pickup.obj
c:\users\danny\documents\weatherman\weathermen\debug\actor.obj
c:\users\danny\documents\weatherman\weathermen\debug\ai.obj
c:\users\danny\documents\weatherman\weathermen\debug\entity.obj
c:\users\danny\documents\weatherman\weathermen\debug\armor.obj
c:\users\danny\documents\weatherman\weathermen\debug\equiptable.obj
c:\users\danny\documents\weatherman\weathermen\debug\item.obj
c:\users\danny\documents\weatherman\weathermen\debug\weapon.obj
c:\users\danny\documents\weatherman\weathermen\debug\material.obj
c:\users\danny\documents\weatherman\weathermen\debug\coordinate.obj
c:\users\danny\documents\weatherman\weathermen\debug\gamemap.obj
c:\users\danny\documents\weatherman\weathermen\debug\glutclass.obj
c:\users\danny\documents\weatherman\weathermen\debug\itemcontainer.obj
c:\users\danny\documents\weatherman\weathermen\debug\main.obj
c:\users\danny\documents\weatherman\weathermen\debug\xmlreader.obj
c:\users\danny\documents\weatherman\weathermen\debug\weathermen.tlog\cl.command.1.tlog
c:\users\danny\documents\weatherman\weathermen\debug\weathermen.tlog\cl.read.1.tlog
c:\users\danny\documents\weatherman\weathermen\debug\weathermen.tlog\cl.write.1.tlog
