Build started 1/10/2015 1:32:39 AM.
     1>Project "C:\Users\Danny\Documents\Weatherman\Weathermen\Weathermen.vcxproj" on node 2 (Build target(s)).
     1>ClCompile:
         C:\Program Files (x86)\Microsoft Visual Studio 12.0\VC\bin\CL.exe /c /ZI /nologo /W3 /WX- /Od /Oy- /D WIN32 /D _DEBUG /D _CONSOLE /D _UNICODE /D UNICODE /Gm /EHsc /RTC1 /MDd /GS /fp:precise /Zc:wchar_t /Zc:forScope /Fo"Debug\\" /Fd"Debug\vc120.pdb" /Gd /TP /analyze- /errorReport:prompt Actor.cpp
         Actor.cpp
     1>c:\users\danny\documents\weatherman\weathermen\actor.cpp(101): warning C4244: 'argument' : conversion from 'time_t' to 'unsigned int', possible loss of data
       Link:
         C:\Program Files (x86)\Microsoft Visual Studio 12.0\VC\bin\link.exe /ERRORREPORT:PROMPT /OUT:"C:\Users\Danny\Documents\Weatherman\Debug\Weathermen.exe" /INCREMENTAL /NOLOGO kernel32.lib user32.lib gdi32.lib winspool.lib comdlg32.lib advapi32.lib shell32.lib ole32.lib oleaut32.lib uuid.lib odbc32.lib odbccp32.lib /MANIFEST /MANIFESTUAC:"level='asInvoker' uiAccess='false'" /manifest:embed /DEBUG /PDB:"C:\Users\Danny\Documents\Weatherman\Debug\Weathermen.pdb" /SUBSYSTEM:CONSOLE /TLBID:1 /DYNAMICBASE /NXCOMPAT /IMPLIB:"C:\Users\Danny\Documents\Weatherman\Debug\Weathermen.lib" /MACHINE:X86 Debug\Action.obj
         Debug\Actor.obj
         Debug\AI.obj
         Debug\CsvReader.obj
         Debug\GlutClass.obj
         Debug\Item.obj
         Debug\main.obj
         Debug\Map.obj
         Debug\Material.obj
         Debug\Move.obj
         Debug\Tile.obj
         Weathermen.vcxproj -> C:\Users\Danny\Documents\Weatherman\Debug\Weathermen.exe
     1>Done Building Project "C:\Users\Danny\Documents\Weatherman\Weathermen\Weathermen.vcxproj" (Build target(s)).

Build succeeded.

Time Elapsed 00:00:00.84
